{"/home/artem/PhpstormProjects/frontend-project-lvl2/dummy.js": {"path":"/home/artem/PhpstormProjects/frontend-project-lvl2/dummy.js","all":false,"statementMap":{"0":{"start":{"line":1,"column":0},"end":{"line":1,"column":32}}},"s":{"0":1},"branchMap":{},"b":{},"fnMap":{},"f":{}}
,"/home/artem/PhpstormProjects/frontend-project-lvl2/dummy2.js": {"path":"/home/artem/PhpstormProjects/frontend-project-lvl2/dummy2.js","all":false,"statementMap":{"0":{"start":{"line":1,"column":0},"end":{"line":1,"column":32}}},"s":{"0":1},"branchMap":{},"b":{},"fnMap":{},"f":{}}
}
